<?xml version='1.0' encoding='UTF-8'?>
<testsuite hostname="knoldus-Lenovo-Z51-70" name="edu.knoldus.SortingTest" tests="3" errors="0" failures="0" skipped="0" time="0.031">
                     <properties>
[...]
</properties>
                     <testcase classname="edu.knoldus.SortingTest" name="Test Insertion Sort" time="0.027">
                                                 
                                               </testcase><testcase classname="edu.knoldus.SortingTest" name="Test Selection Sort" time="0.003">
                                                 
                                               </testcase><testcase classname="edu.knoldus.SortingTest" name="Test Bubble Sort" time="0.001">
                                                 
                                               </testcase>
                     <system-out><![CDATA[]]></system-out>
                     <system-err><![CDATA[]]></system-err>
                   </testsuite>